Renderer info: Intel(R) UHD Graphics 620 version 4.6.0 - Build 27.20.100.9171 from Intel
Depth buffer bits: 24
Multisampling enabled
Adding file system path "C:/Users/lengl/Desktop/MiscellaneousApps/TrenchBroom_2024.1\\defaults\\assets"
Adding file system path "C:\\Users\\lengl\\Documents\\Godot Projects\\VolumetricsTest\\."
Loading document from C:\Users\lengl\Documents\Godot Projects\VolumetricsTest\maps\unsorted_b.map
Could not load builtin entity definition file '"VolumetricsTest.fgd"': Failed to open 'C:\Users\lengl\AppData\Roaming\TrenchBroom\games\VolumetricsTest\VolumetricsTest.fgd': path does not denote a file
Loaded texture collection '"textures"'
Loaded texture collection '"textures\\effects"'
Loaded texture collection '"textures\\effects\\glow\\lens_dirt"'
Loaded texture collection '"textures\\effects\\look_up_tables"'
Loaded texture collection '"textures\\entities\\enemies\\canary"'
Loaded texture collection '"textures\\entities\\enemies\\enforcer"'
Loaded texture collection '"textures\\entities\\enemies\\pinkerton"'
Loaded texture collection '"textures\\entities\\enemies\\rocketeer"'
Loaded texture collection '"textures\\entities\\enemies\\vortigaunt"'
Loaded texture collection '"textures\\objects"'
Loaded texture collection '"textures\\objects\\crate"'
Loaded texture collection '"textures\\objects\\floodlight"'
Loaded texture collection '"textures\\objects\\health_pack"'
Loaded texture collection '"textures\\objects\\keys"'
Loaded texture collection '"textures\\objects\\lever"'
Loaded texture collection '"textures\\objects\\nail_box"'
Loaded texture collection '"textures\\objects\\shell_box"'
Loaded texture collection '"textures\\objects\\shotgun_shell"'
Loaded texture collection '"textures\\objects\\shutter_door"'
Loaded texture collection '"textures\\objects\\switch"'
Loaded texture collection '"textures\\special"'
Loaded texture collection '"textures\\terrain"'
Loaded texture collection '"textures\\terrain\\cc0\\rock_generic"'
Loaded texture collection '"textures\\terrain\\custom_hand\\bricks"'
Loaded texture collection '"textures\\terrain\\custom_hand\\bricks_brown"'
Loaded texture collection '"textures\\terrain\\custom_hand\\bricks_stone"'
Loaded texture collection '"textures\\terrain\\custom_hand\\checker_board"'
Loaded texture collection '"textures\\terrain\\custom_hand\\cliff_rocks"'
Loaded texture collection '"textures\\terrain\\custom_hand\\cobble_stone"'
Loaded texture collection '"textures\\terrain\\custom_hand\\concrete"'
Loaded texture collection '"textures\\terrain\\custom_hand\\dirt"'
Loaded texture collection '"textures\\terrain\\custom_hand\\glass"'
Loaded texture collection '"textures\\terrain\\custom_hand\\key_metal"'
Loaded texture collection '"textures\\terrain\\custom_hand\\log"'
Loaded texture collection '"textures\\terrain\\custom_hand\\log_end"'
Loaded texture collection '"textures\\terrain\\custom_hand\\planks"'
Loaded texture collection '"textures\\terrain\\custom_hand\\street"'
Loaded texture collection '"textures\\terrain\\trench_broom"'
Loaded texture collection '"textures\\ui"'
Loaded texture collection '"textures\\weapons\\akm"'
Loaded texture collection '"textures\\weapons\\axe"'
Loaded texture collection '"textures\\weapons\\big_iron"'
Loaded texture collection '"textures\\weapons\\boomstick"'
Loaded texture collection '"textures\\weapons\\pump_shotgun"'
Loaded "C:\\Users\\lengl\\Documents\\Godot Projects\\VolumetricsTest\\maps\\unsorted_b.map" in 13421ms
Reloading entity definitions
Could not load builtin entity definition file '"VolumetricsTest.fgd"': Failed to open 'C:\Users\lengl\AppData\Roaming\TrenchBroom\games\VolumetricsTest\VolumetricsTest.fgd': path does not denote a file
Reloading entity definitions
Loaded entity definition file VolumetricsTest.fgd
Created autosave backup at "C:\\Users\\lengl\\Documents\\Godot Projects\\VolumetricsTest\\maps\\autosave\\unsorted_b.6.map"
Reloading entity definitions
Loaded entity definition file VolumetricsTest.fgd
Reloading entity definitions
Loaded entity definition file VolumetricsTest.fgd
Saved "C:\\Users\\lengl\\Documents\\Godot Projects\\VolumetricsTest\\maps\\unsorted_b.map" in 171ms
Saved "C:\\Users\\lengl\\Documents\\Godot Projects\\VolumetricsTest\\maps\\unsorted_b.map" in 268ms
Reloading texture collections
Loaded texture collection '"textures"'
Loaded texture collection '"textures\\effects"'
Loaded texture collection '"textures\\effects\\glow\\lens_dirt"'
Loaded texture collection '"textures\\effects\\look_up_tables"'
Loaded texture collection '"textures\\entities\\enemies\\canary"'
Loaded texture collection '"textures\\entities\\enemies\\enforcer"'
Loaded texture collection '"textures\\entities\\enemies\\pinkerton"'
Loaded texture collection '"textures\\entities\\enemies\\rocketeer"'
Loaded texture collection '"textures\\entities\\enemies\\vortigaunt"'
Loaded texture collection '"textures\\objects"'
Loaded texture collection '"textures\\objects\\crate"'
Loaded texture collection '"textures\\objects\\floodlight"'
Loaded texture collection '"textures\\objects\\health_pack"'
Loaded texture collection '"textures\\objects\\keys"'
Loaded texture collection '"textures\\objects\\lever"'
Loaded texture collection '"textures\\objects\\nail_box"'
Loaded texture collection '"textures\\objects\\shell_box"'
Loaded texture collection '"textures\\objects\\shotgun_shell"'
Loaded texture collection '"textures\\objects\\shutter_door"'
Loaded texture collection '"textures\\objects\\switch"'
Loaded texture collection '"textures\\special"'
Loaded texture collection '"textures\\terrain"'
Loaded texture collection '"textures\\terrain\\cc0\\rock_generic"'
Loaded texture collection '"textures\\terrain\\custom_hand\\bricks"'
Loaded texture collection '"textures\\terrain\\custom_hand\\bricks_brown"'
Loaded texture collection '"textures\\terrain\\custom_hand\\bricks_stone"'
Loaded texture collection '"textures\\terrain\\custom_hand\\checker_board"'
Loaded texture collection '"textures\\terrain\\custom_hand\\cliff_rocks"'
Loaded texture collection '"textures\\terrain\\custom_hand\\cobble_stone"'
Loaded texture collection '"textures\\terrain\\custom_hand\\concrete"'
Loaded texture collection '"textures\\terrain\\custom_hand\\dirt"'
Loaded texture collection '"textures\\terrain\\custom_hand\\glass"'
Loaded texture collection '"textures\\terrain\\custom_hand\\key_metal"'
Loaded texture collection '"textures\\terrain\\custom_hand\\log"'
Loaded texture collection '"textures\\terrain\\custom_hand\\log_end"'
Loaded texture collection '"textures\\terrain\\custom_hand\\planks"'
Loaded texture collection '"textures\\terrain\\custom_hand\\street"'
Loaded texture collection '"textures\\terrain\\trench_broom"'
Loaded texture collection '"textures\\ui"'
Loaded texture collection '"textures\\weapons\\akm"'
Loaded texture collection '"textures\\weapons\\axe"'
Loaded texture collection '"textures\\weapons\\big_iron"'
Loaded texture collection '"textures\\weapons\\boomstick"'
Loaded texture collection '"textures\\weapons\\pump_shotgun"'
Reloading entity definitions
Loaded entity definition file VolumetricsTest.fgd
Reloading texture collections
Loaded texture collection '"textures"'
Loaded texture collection '"textures\\effects"'
Loaded texture collection '"textures\\effects\\glow\\lens_dirt"'
Loaded texture collection '"textures\\effects\\look_up_tables"'
Loaded texture collection '"textures\\entities\\enemies\\canary"'
Loaded texture collection '"textures\\entities\\enemies\\enforcer"'
Loaded texture collection '"textures\\entities\\enemies\\pinkerton"'
Loaded texture collection '"textures\\entities\\enemies\\rocketeer"'
Loaded texture collection '"textures\\entities\\enemies\\vortigaunt"'
Loaded texture collection '"textures\\objects"'
Loaded texture collection '"textures\\objects\\crate"'
Loaded texture collection '"textures\\objects\\floodlight"'
Loaded texture collection '"textures\\objects\\health_pack"'
Loaded texture collection '"textures\\objects\\keys"'
Loaded texture collection '"textures\\objects\\lever"'
Loaded texture collection '"textures\\objects\\nail_box"'
Loaded texture collection '"textures\\objects\\shell_box"'
Loaded texture collection '"textures\\objects\\shotgun_shell"'
Loaded texture collection '"textures\\objects\\shutter_door"'
Loaded texture collection '"textures\\objects\\switch"'
Loaded texture collection '"textures\\special"'
Loaded texture collection '"textures\\terrain"'
Loaded texture collection '"textures\\terrain\\cc0\\rock_generic"'
Loaded texture collection '"textures\\terrain\\custom_hand\\bricks"'
Loaded texture collection '"textures\\terrain\\custom_hand\\bricks_brown"'
Loaded texture collection '"textures\\terrain\\custom_hand\\bricks_stone"'
Loaded texture collection '"textures\\terrain\\custom_hand\\checker_board"'
Loaded texture collection '"textures\\terrain\\custom_hand\\cliff_rocks"'
Loaded texture collection '"textures\\terrain\\custom_hand\\cobble_stone"'
Loaded texture collection '"textures\\terrain\\custom_hand\\concrete"'
Loaded texture collection '"textures\\terrain\\custom_hand\\dirt"'
Loaded texture collection '"textures\\terrain\\custom_hand\\glass"'
Loaded texture collection '"textures\\terrain\\custom_hand\\key_metal"'
Loaded texture collection '"textures\\terrain\\custom_hand\\log"'
Loaded texture collection '"textures\\terrain\\custom_hand\\log_end"'
Loaded texture collection '"textures\\terrain\\custom_hand\\planks"'
Loaded texture collection '"textures\\terrain\\custom_hand\\street"'
Loaded texture collection '"textures\\terrain\\trench_broom"'
Loaded texture collection '"textures\\ui"'
Loaded texture collection '"textures\\weapons\\akm"'
Loaded texture collection '"textures\\weapons\\axe"'
Loaded texture collection '"textures\\weapons\\big_iron"'
Loaded texture collection '"textures\\weapons\\boomstick"'
Loaded texture collection '"textures\\weapons\\pump_shotgun"'
Reloading texture collections
Loaded texture collection '"textures"'
Loaded texture collection '"textures\\effects"'
Loaded texture collection '"textures\\effects\\glow\\lens_dirt"'
Loaded texture collection '"textures\\effects\\look_up_tables"'
Loaded texture collection '"textures\\entities\\enemies\\canary"'
Loaded texture collection '"textures\\entities\\enemies\\enforcer"'
Loaded texture collection '"textures\\entities\\enemies\\pinkerton"'
Loaded texture collection '"textures\\entities\\enemies\\rocketeer"'
Loaded texture collection '"textures\\entities\\enemies\\vortigaunt"'
Loaded texture collection '"textures\\objects"'
Loaded texture collection '"textures\\objects\\crate"'
Loaded texture collection '"textures\\objects\\floodlight"'
Loaded texture collection '"textures\\objects\\health_pack"'
Loaded texture collection '"textures\\objects\\keys"'
Loaded texture collection '"textures\\objects\\lever"'
Loaded texture collection '"textures\\objects\\nail_box"'
Loaded texture collection '"textures\\objects\\shell_box"'
Loaded texture collection '"textures\\objects\\shotgun_shell"'
Loaded texture collection '"textures\\objects\\shutter_door"'
Loaded texture collection '"textures\\objects\\switch"'
Loaded texture collection '"textures\\special"'
Loaded texture collection '"textures\\terrain"'
Loaded texture collection '"textures\\terrain\\cc0\\rock_generic"'
Loaded texture collection '"textures\\terrain\\custom_hand\\bricks"'
Loaded texture collection '"textures\\terrain\\custom_hand\\bricks_brown"'
Loaded texture collection '"textures\\terrain\\custom_hand\\bricks_stone"'
Loaded texture collection '"textures\\terrain\\custom_hand\\checker_board"'
Loaded texture collection '"textures\\terrain\\custom_hand\\cliff_rocks"'
Loaded texture collection '"textures\\terrain\\custom_hand\\cobble_stone"'
Loaded texture collection '"textures\\terrain\\custom_hand\\concrete"'
Loaded texture collection '"textures\\terrain\\custom_hand\\dirt"'
Loaded texture collection '"textures\\terrain\\custom_hand\\glass"'
Loaded texture collection '"textures\\terrain\\custom_hand\\key_metal"'
Loaded texture collection '"textures\\terrain\\custom_hand\\log"'
Loaded texture collection '"textures\\terrain\\custom_hand\\log_end"'
Loaded texture collection '"textures\\terrain\\custom_hand\\planks"'
Loaded texture collection '"textures\\terrain\\custom_hand\\street"'
Loaded texture collection '"textures\\terrain\\trench_broom"'
Loaded texture collection '"textures\\ui"'
Loaded texture collection '"textures\\weapons\\akm"'
Loaded texture collection '"textures\\weapons\\axe"'
Loaded texture collection '"textures\\weapons\\big_iron"'
Loaded texture collection '"textures\\weapons\\boomstick"'
Loaded texture collection '"textures\\weapons\\pump_shotgun"'
Reloading texture collections
Loaded texture collection '"textures"'
Loaded texture collection '"textures\\effects"'
Loaded texture collection '"textures\\effects\\glow\\lens_dirt"'
Loaded texture collection '"textures\\effects\\look_up_tables"'
Loaded texture collection '"textures\\entities\\enemies\\canary"'
Loaded texture collection '"textures\\entities\\enemies\\enforcer"'
Loaded texture collection '"textures\\entities\\enemies\\pinkerton"'
Loaded texture collection '"textures\\entities\\enemies\\rocketeer"'
Loaded texture collection '"textures\\entities\\enemies\\vortigaunt"'
Loaded texture collection '"textures\\objects"'
Loaded texture collection '"textures\\objects\\crate"'
Loaded texture collection '"textures\\objects\\floodlight"'
Loaded texture collection '"textures\\objects\\health_pack"'
Loaded texture collection '"textures\\objects\\keys"'
Loaded texture collection '"textures\\objects\\lever"'
Loaded texture collection '"textures\\objects\\nail_box"'
Loaded texture collection '"textures\\objects\\shell_box"'
Loaded texture collection '"textures\\objects\\shotgun_shell"'
Loaded texture collection '"textures\\objects\\shutter_door"'
Loaded texture collection '"textures\\objects\\switch"'
Loaded texture collection '"textures\\special"'
Loaded texture collection '"textures\\terrain"'
Loaded texture collection '"textures\\terrain\\cc0\\rock_generic"'
Loaded texture collection '"textures\\terrain\\custom_hand\\bricks"'
Loaded texture collection '"textures\\terrain\\custom_hand\\bricks_brown"'
Loaded texture collection '"textures\\terrain\\custom_hand\\bricks_stone"'
Loaded texture collection '"textures\\terrain\\custom_hand\\checker_board"'
Loaded texture collection '"textures\\terrain\\custom_hand\\cliff_rocks"'
Loaded texture collection '"textures\\terrain\\custom_hand\\cobble_stone"'
Loaded texture collection '"textures\\terrain\\custom_hand\\concrete"'
Loaded texture collection '"textures\\terrain\\custom_hand\\dirt"'
Loaded texture collection '"textures\\terrain\\custom_hand\\glass"'
Loaded texture collection '"textures\\terrain\\custom_hand\\key_metal"'
Loaded texture collection '"textures\\terrain\\custom_hand\\log"'
Loaded texture collection '"textures\\terrain\\custom_hand\\log_end"'
Loaded texture collection '"textures\\terrain\\custom_hand\\planks"'
Loaded texture collection '"textures\\terrain\\custom_hand\\street"'
Loaded texture collection '"textures\\terrain\\trench_broom"'
Loaded texture collection '"textures\\ui"'
Loaded texture collection '"textures\\weapons\\akm"'
Loaded texture collection '"textures\\weapons\\axe"'
Loaded texture collection '"textures\\weapons\\big_iron"'
Loaded texture collection '"textures\\weapons\\boomstick"'
Loaded texture collection '"textures\\weapons\\pump_shotgun"'
Reloading texture collections
Loaded texture collection '"textures"'
Loaded texture collection '"textures\\effects"'
Loaded texture collection '"textures\\effects\\glow\\lens_dirt"'
Loaded texture collection '"textures\\effects\\look_up_tables"'
Loaded texture collection '"textures\\entities\\enemies\\canary"'
Loaded texture collection '"textures\\entities\\enemies\\enforcer"'
Loaded texture collection '"textures\\entities\\enemies\\pinkerton"'
Loaded texture collection '"textures\\entities\\enemies\\rocketeer"'
Loaded texture collection '"textures\\entities\\enemies\\vortigaunt"'
Loaded texture collection '"textures\\objects"'
Loaded texture collection '"textures\\objects\\crate"'
Loaded texture collection '"textures\\objects\\floodlight"'
Loaded texture collection '"textures\\objects\\health_pack"'
Loaded texture collection '"textures\\objects\\keys"'
Loaded texture collection '"textures\\objects\\lever"'
Loaded texture collection '"textures\\objects\\nail_box"'
Loaded texture collection '"textures\\objects\\shell_box"'
Loaded texture collection '"textures\\objects\\shotgun_shell"'
Loaded texture collection '"textures\\objects\\shutter_door"'
Loaded texture collection '"textures\\objects\\switch"'
Loaded texture collection '"textures\\special"'
Loaded texture collection '"textures\\terrain"'
Loaded texture collection '"textures\\terrain\\cc0\\rock_generic"'
Loaded texture collection '"textures\\terrain\\custom_hand\\bricks"'
Loaded texture collection '"textures\\terrain\\custom_hand\\bricks_brown"'
Loaded texture collection '"textures\\terrain\\custom_hand\\bricks_stone"'
Loaded texture collection '"textures\\terrain\\custom_hand\\checker_board"'
Loaded texture collection '"textures\\terrain\\custom_hand\\cliff_rocks"'
Loaded texture collection '"textures\\terrain\\custom_hand\\cobble_stone"'
Loaded texture collection '"textures\\terrain\\custom_hand\\concrete"'
Loaded texture collection '"textures\\terrain\\custom_hand\\dirt"'
Loaded texture collection '"textures\\terrain\\custom_hand\\glass"'
Loaded texture collection '"textures\\terrain\\custom_hand\\key_metal"'
Loaded texture collection '"textures\\terrain\\custom_hand\\log"'
Loaded texture collection '"textures\\terrain\\custom_hand\\log_end"'
Loaded texture collection '"textures\\terrain\\custom_hand\\planks"'
Loaded texture collection '"textures\\terrain\\custom_hand\\street"'
Loaded texture collection '"textures\\terrain\\trench_broom"'
Loaded texture collection '"textures\\ui"'
Loaded texture collection '"textures\\weapons\\akm"'
Loaded texture collection '"textures\\weapons\\axe"'
Loaded texture collection '"textures\\weapons\\big_iron"'
Loaded texture collection '"textures\\weapons\\boomstick"'
Loaded texture collection '"textures\\weapons\\pump_shotgun"'
Reloading texture collections
Loaded texture collection '"textures"'
Loaded texture collection '"textures\\effects"'
Loaded texture collection '"textures\\effects\\glow\\lens_dirt"'
Loaded texture collection '"textures\\effects\\look_up_tables"'
Loaded texture collection '"textures\\entities\\enemies\\canary"'
Loaded texture collection '"textures\\entities\\enemies\\enforcer"'
Loaded texture collection '"textures\\entities\\enemies\\pinkerton"'
Loaded texture collection '"textures\\entities\\enemies\\rocketeer"'
Loaded texture collection '"textures\\entities\\enemies\\vortigaunt"'
Loaded texture collection '"textures\\objects"'
Loaded texture collection '"textures\\objects\\crate"'
Loaded texture collection '"textures\\objects\\floodlight"'
Loaded texture collection '"textures\\objects\\health_pack"'
Loaded texture collection '"textures\\objects\\keys"'
Loaded texture collection '"textures\\objects\\lever"'
Loaded texture collection '"textures\\objects\\nail_box"'
Loaded texture collection '"textures\\objects\\shell_box"'
Loaded texture collection '"textures\\objects\\shotgun_shell"'
Loaded texture collection '"textures\\objects\\shutter_door"'
Loaded texture collection '"textures\\objects\\switch"'
Loaded texture collection '"textures\\special"'
Loaded texture collection '"textures\\terrain"'
Loaded texture collection '"textures\\terrain\\cc0\\rock_generic"'
Loaded texture collection '"textures\\terrain\\custom_hand\\bricks"'
Loaded texture collection '"textures\\terrain\\custom_hand\\bricks_brown"'
Loaded texture collection '"textures\\terrain\\custom_hand\\bricks_stone"'
Loaded texture collection '"textures\\terrain\\custom_hand\\checker_board"'
Loaded texture collection '"textures\\terrain\\custom_hand\\cliff_rocks"'
Loaded texture collection '"textures\\terrain\\custom_hand\\cobble_stone"'
Loaded texture collection '"textures\\terrain\\custom_hand\\concrete"'
Loaded texture collection '"textures\\terrain\\custom_hand\\dirt"'
Loaded texture collection '"textures\\terrain\\custom_hand\\glass"'
Loaded texture collection '"textures\\terrain\\custom_hand\\key_metal"'
Loaded texture collection '"textures\\terrain\\custom_hand\\log"'
Loaded texture collection '"textures\\terrain\\custom_hand\\log_end"'
Loaded texture collection '"textures\\terrain\\custom_hand\\planks"'
Loaded texture collection '"textures\\terrain\\custom_hand\\street"'
Loaded texture collection '"textures\\terrain\\trench_broom"'
Loaded texture collection '"textures\\ui"'
Loaded texture collection '"textures\\weapons\\akm"'
Loaded texture collection '"textures\\weapons\\axe"'
Loaded texture collection '"textures\\weapons\\big_iron"'
Loaded texture collection '"textures\\weapons\\boomstick"'
Loaded texture collection '"textures\\weapons\\pump_shotgun"'
Reloading texture collections
Loaded texture collection '"textures"'
Loaded texture collection '"textures\\effects"'
Loaded texture collection '"textures\\effects\\glow\\lens_dirt"'
Loaded texture collection '"textures\\effects\\look_up_tables"'
Loaded texture collection '"textures\\entities\\enemies\\canary"'
Loaded texture collection '"textures\\entities\\enemies\\enforcer"'
Loaded texture collection '"textures\\entities\\enemies\\pinkerton"'
Loaded texture collection '"textures\\entities\\enemies\\rocketeer"'
Loaded texture collection '"textures\\entities\\enemies\\vortigaunt"'
Loaded texture collection '"textures\\objects"'
Loaded texture collection '"textures\\objects\\crate"'
Loaded texture collection '"textures\\objects\\floodlight"'
Loaded texture collection '"textures\\objects\\health_pack"'
Loaded texture collection '"textures\\objects\\keys"'
Loaded texture collection '"textures\\objects\\lever"'
Loaded texture collection '"textures\\objects\\nail_box"'
Loaded texture collection '"textures\\objects\\shell_box"'
Loaded texture collection '"textures\\objects\\shotgun_shell"'
Loaded texture collection '"textures\\objects\\shutter_door"'
Loaded texture collection '"textures\\objects\\switch"'
Loaded texture collection '"textures\\special"'
Loaded texture collection '"textures\\terrain"'
Loaded texture collection '"textures\\terrain\\cc0\\rock_generic"'
Loaded texture collection '"textures\\terrain\\custom_hand\\bricks"'
Loaded texture collection '"textures\\terrain\\custom_hand\\bricks_brown"'
Loaded texture collection '"textures\\terrain\\custom_hand\\bricks_stone"'
Loaded texture collection '"textures\\terrain\\custom_hand\\checker_board"'
Loaded texture collection '"textures\\terrain\\custom_hand\\cliff_rocks"'
Loaded texture collection '"textures\\terrain\\custom_hand\\cobble_stone"'
Loaded texture collection '"textures\\terrain\\custom_hand\\concrete"'
Loaded texture collection '"textures\\terrain\\custom_hand\\dirt"'
Loaded texture collection '"textures\\terrain\\custom_hand\\glass"'
Loaded texture collection '"textures\\terrain\\custom_hand\\key_metal"'
Loaded texture collection '"textures\\terrain\\custom_hand\\log"'
Loaded texture collection '"textures\\terrain\\custom_hand\\log_end"'
Loaded texture collection '"textures\\terrain\\custom_hand\\planks"'
Loaded texture collection '"textures\\terrain\\custom_hand\\street"'
Loaded texture collection '"textures\\terrain\\trench_broom"'
Loaded texture collection '"textures\\ui"'
Loaded texture collection '"textures\\weapons\\akm"'
Loaded texture collection '"textures\\weapons\\axe"'
Loaded texture collection '"textures\\weapons\\big_iron"'
Loaded texture collection '"textures\\weapons\\boomstick"'
Loaded texture collection '"textures\\weapons\\pump_shotgun"'
Reloading entity definitions
